[2021-02-12 09:02:36,032] multiqc                                            [DEBUG  ]  No MultiQC config found: /Users/samuelperini/miniconda/envs/pipeline_development/lib/python3.7/site-packages/multiqc_config.yaml
[2021-02-12 09:02:36,032] multiqc                                            [DEBUG  ]  No MultiQC config found: /Users/samuelperini/.multiqc_config.yaml
[2021-02-12 09:02:36,032] multiqc                                            [DEBUG  ]  No MultiQC config found: multiqc_config.yaml
[2021-02-12 09:02:36,032] multiqc                                            [DEBUG  ]  Command used: /Users/samuelperini/miniconda/envs/pipeline_development/bin/multiqc -n qc/chr19_gatk_multiqc.html results/qc
[2021-02-12 09:02:36,357] multiqc                                            [DEBUG  ]  Latest MultiQC version is v1.9
[2021-02-12 09:02:36,357] multiqc                                            [INFO   ]  This is MultiQC v1.9
[2021-02-12 09:02:36,357] multiqc                                            [DEBUG  ]  Command     : /Users/samuelperini/miniconda/envs/pipeline_development/bin/multiqc -n qc/chr19_gatk_multiqc.html results/qc
[2021-02-12 09:02:36,357] multiqc                                            [DEBUG  ]  Working dir : /Users/samuelperini/Documents/sophia_gen/pipeline_development_task/Bioinformatics_pipeline_development_task
[2021-02-12 09:02:36,357] multiqc                                            [INFO   ]  Template    : default
[2021-02-12 09:02:36,357] multiqc                                            [DEBUG  ]  Running Python 3.7.6 (default, Jan  8 2020, 13:42:34)  [Clang 4.0.1 (tags/RELEASE_401/final)]
[2021-02-12 09:02:36,357] multiqc                                            [INFO   ]  Searching   : /Users/samuelperini/Documents/sophia_gen/pipeline_development_task/Bioinformatics_pipeline_development_task/results/qc
[2021-02-12 09:02:36,358] multiqc                                            [DEBUG  ]  Analysing modules: custom_content, conpair, peddy, somalier, methylQA, mosdepth, phantompeakqualtools, qualimap, preseq, quast, qorts, rna_seqc, rockhopper, rsem, rseqc, busco, goleft_indexcov, disambiguate, supernova, deeptools, sargasso, verifybamid, mirtrace, happy, mirtop, homer, macs2, theta2, snpeff, gatk, htseq, bcftools, featureCounts, fgbio, dragen, dedup, damageprofiler, biobambam2, mtnucratio, picard, prokka, samblaster, samtools, sexdeterrmine, bamtools, jellyfish, vcftools, longranger, stacks, varscan2, bbmap, bismark, biscuit, hicexplorer, hicup, hicpro, salmon, kallisto, slamdunk, star, hisat2, tophat, bowtie2, bowtie1, snpsplit, kat, leehom, adapterRemoval, clipandmerge, cutadapt, flexbar, kaiju, kraken, malt, trimmomatic, sickle, skewer, sortmerna, biobloomtools, fastq_screen, afterqc, fastp, fastqc, pycoqc, minionqc, multivcfanalyzer, clusterflow, bcl2fastq, interop, ivar, flash, seqyclean
[2021-02-12 09:02:36,358] multiqc                                            [DEBUG  ]  Using temporary directory for creating report: /var/folders/9y/gjh2qdnj295_k_z8xt45tb2h0000gn/T/tmphx2h1sec
[2021-02-12 09:02:36,453] multiqc                                            [DEBUG  ]  Ignoring file as matched an ignore pattern: .DS_Store
[2021-02-12 09:02:36,456] multiqc                                            [DEBUG  ]  File ignored by hicexplorer because it exceeded search pattern filesize limit: chr19_bcfstats_callers.txt
[2021-02-12 09:02:36,457] multiqc                                            [DEBUG  ]  File ignored by longranger/invocation because it exceeded search pattern filesize limit: chr19_bcfstats_callers.txt
[2021-02-12 09:02:36,475] multiqc                                            [DEBUG  ]  File ignored by hicexplorer because it exceeded search pattern filesize limit: GC_chr19_00_freq.txt
[2021-02-12 09:02:36,476] multiqc                                            [DEBUG  ]  File ignored by longranger/invocation because it exceeded search pattern filesize limit: GC_chr19_00_freq.txt
[2021-02-12 09:02:36,487] multiqc                                            [DEBUG  ]  File ignored by hicexplorer because it exceeded search pattern filesize limit: chr19_samtools.metrics.txt
[2021-02-12 09:02:36,488] multiqc                                            [DEBUG  ]  File ignored by longranger/invocation because it exceeded search pattern filesize limit: chr19_samtools.metrics.txt
[2021-02-12 09:02:36,573] multiqc                                            [DEBUG  ]  File ignored by longranger/invocation because it exceeded search pattern filesize limit: chr19_dedup.metrics.txt
[2021-02-12 09:02:36,596] multiqc                                            [DEBUG  ]  File ignored by hicexplorer because it exceeded search pattern filesize limit: GC_chr19_11_freq.txt
[2021-02-12 09:02:36,597] multiqc                                            [DEBUG  ]  File ignored by longranger/invocation because it exceeded search pattern filesize limit: GC_chr19_11_freq.txt
[2021-02-12 09:02:36,607] multiqc                                            [DEBUG  ]  File ignored by hicexplorer because it exceeded search pattern filesize limit: chr19_hs_metrics.txt
[2021-02-12 09:02:36,608] multiqc                                            [DEBUG  ]  File ignored by longranger/invocation because it exceeded search pattern filesize limit: chr19_hs_metrics.txt
[2021-02-12 09:02:36,626] multiqc                                            [DEBUG  ]  File ignored by hicexplorer because it exceeded search pattern filesize limit: chr19_gc_freq.txt
[2021-02-12 09:02:36,627] multiqc                                            [DEBUG  ]  File ignored by longranger/invocation because it exceeded search pattern filesize limit: chr19_gc_freq.txt
[2021-02-12 09:02:36,814] multiqc.plots.bargraph                             [DEBUG  ]  Using matplotlib version 3.3.4
[2021-02-12 09:02:36,814] multiqc.plots.linegraph                            [DEBUG  ]  Using matplotlib version 3.3.4
[2021-02-12 09:02:36,815] multiqc                                            [DEBUG  ]  No samples found: custom_content
[2021-02-12 09:02:36,818] multiqc                                            [DEBUG  ]  No samples found: conpair
[2021-02-12 09:02:36,820] multiqc                                            [DEBUG  ]  No samples found: peddy
[2021-02-12 09:02:36,823] multiqc                                            [DEBUG  ]  No samples found: somalier
[2021-02-12 09:02:36,825] multiqc                                            [DEBUG  ]  No samples found: methylQA
[2021-02-12 09:02:36,828] multiqc                                            [DEBUG  ]  No samples found: mosdepth
[2021-02-12 09:02:36,831] multiqc                                            [DEBUG  ]  No samples found: phantompeakqualtools
[2021-02-12 09:02:36,833] multiqc                                            [DEBUG  ]  No samples found: qualimap
[2021-02-12 09:02:36,836] multiqc                                            [DEBUG  ]  No samples found: preseq
[2021-02-12 09:02:36,838] multiqc                                            [DEBUG  ]  No samples found: quast
[2021-02-12 09:02:36,841] multiqc                                            [DEBUG  ]  No samples found: qorts
[2021-02-12 09:02:36,843] multiqc                                            [DEBUG  ]  No samples found: rna_seqc
[2021-02-12 09:02:36,846] multiqc                                            [DEBUG  ]  No samples found: rockhopper
[2021-02-12 09:02:36,848] multiqc                                            [DEBUG  ]  No samples found: rsem
[2021-02-12 09:02:36,852] multiqc                                            [DEBUG  ]  No samples found: rseqc
[2021-02-12 09:02:36,854] multiqc                                            [DEBUG  ]  No samples found: busco
[2021-02-12 09:02:36,857] multiqc                                            [DEBUG  ]  No samples found: goleft_indexcov
[2021-02-12 09:02:36,859] multiqc                                            [DEBUG  ]  No samples found: disambiguate
[2021-02-12 09:02:36,862] multiqc                                            [DEBUG  ]  No samples found: supernova
[2021-02-12 09:02:36,866] multiqc                                            [DEBUG  ]  No samples found: deeptools
[2021-02-12 09:02:36,868] multiqc                                            [DEBUG  ]  No samples found: sargasso
[2021-02-12 09:02:36,871] multiqc                                            [DEBUG  ]  No samples found: verifybamid
[2021-02-12 09:02:36,873] multiqc                                            [DEBUG  ]  No samples found: mirtrace
[2021-02-12 09:02:36,875] multiqc                                            [DEBUG  ]  No samples found: happy
[2021-02-12 09:02:36,878] multiqc                                            [DEBUG  ]  No samples found: mirtop
[2021-02-12 09:02:36,881] multiqc                                            [DEBUG  ]  No samples found: homer
[2021-02-12 09:02:36,883] multiqc                                            [DEBUG  ]  No samples found: macs2
[2021-02-12 09:02:36,885] multiqc                                            [DEBUG  ]  No samples found: theta2
[2021-02-12 09:02:36,888] multiqc                                            [DEBUG  ]  No samples found: snpeff
[2021-02-12 09:02:36,891] multiqc                                            [DEBUG  ]  No samples found: gatk
[2021-02-12 09:02:36,893] multiqc                                            [DEBUG  ]  No samples found: htseq
[2021-02-12 09:02:36,896] multiqc.modules.bcftools.stats                     [DEBUG  ]  Duplicate sample name found! Overwriting: chr19_filt.gatk
[2021-02-12 09:02:36,905] multiqc.modules.bcftools.bcftools                  [INFO   ]  Found 2 stats reports
[2021-02-12 09:02:36,908] multiqc                                            [DEBUG  ]  No samples found: featureCounts
[2021-02-12 09:02:36,911] multiqc                                            [DEBUG  ]  No samples found: fgbio
[2021-02-12 09:02:36,915] multiqc                                            [DEBUG  ]  No samples found: dragen
[2021-02-12 09:02:36,917] multiqc                                            [DEBUG  ]  No samples found: dedup
[2021-02-12 09:02:36,920] multiqc                                            [DEBUG  ]  No samples found: damageprofiler
[2021-02-12 09:02:36,926] multiqc                                            [DEBUG  ]  No samples found: biobambam2
[2021-02-12 09:02:36,928] multiqc                                            [DEBUG  ]  No samples found: mtnucratio
[2021-02-12 09:02:36,938] multiqc.modules.picard.picard                      [INFO   ]  Found 1 HsMetrics reports
[2021-02-12 09:02:36,940] multiqc.modules.picard.picard                      [INFO   ]  Found 1 MarkDuplicates reports
[2021-02-12 09:02:36,944] multiqc                                            [DEBUG  ]  No samples found: prokka
[2021-02-12 09:02:36,947] multiqc                                            [DEBUG  ]  No samples found: samblaster
[2021-02-12 09:02:36,953] multiqc.modules.samtools.samtools                  [INFO   ]  Found 1 stats reports
[2021-02-12 09:02:36,955] multiqc                                            [DEBUG  ]  No samples found: sexdeterrmine
[2021-02-12 09:02:36,959] multiqc                                            [DEBUG  ]  No samples found: bamtools
[2021-02-12 09:02:36,961] multiqc                                            [DEBUG  ]  No samples found: jellyfish
[2021-02-12 09:02:36,964] multiqc                                            [DEBUG  ]  No samples found: vcftools
[2021-02-12 09:02:36,967] multiqc                                            [DEBUG  ]  No samples found: longranger
[2021-02-12 09:02:36,969] multiqc                                            [DEBUG  ]  No samples found: stacks
[2021-02-12 09:02:36,972] multiqc                                            [DEBUG  ]  No samples found: varscan2
[2021-02-12 09:02:36,976] multiqc                                            [DEBUG  ]  No samples found: bbmap
[2021-02-12 09:02:36,979] multiqc                                            [DEBUG  ]  No samples found: bismark
[2021-02-12 09:02:36,981] multiqc                                            [DEBUG  ]  No samples found: biscuit
[2021-02-12 09:02:36,984] multiqc                                            [DEBUG  ]  No samples found: hicexplorer
[2021-02-12 09:02:36,986] multiqc                                            [DEBUG  ]  No samples found: hicup
[2021-02-12 09:02:36,988] multiqc                                            [DEBUG  ]  No samples found: hicpro
[2021-02-12 09:02:36,991] multiqc                                            [DEBUG  ]  No samples found: salmon
[2021-02-12 09:02:36,993] multiqc                                            [DEBUG  ]  No samples found: kallisto
[2021-02-12 09:02:36,996] multiqc                                            [DEBUG  ]  No samples found: slamdunk
[2021-02-12 09:02:36,998] multiqc                                            [DEBUG  ]  No samples found: star
[2021-02-12 09:02:37,001] multiqc                                            [DEBUG  ]  No samples found: hisat2
[2021-02-12 09:02:37,003] multiqc                                            [DEBUG  ]  No samples found: tophat
[2021-02-12 09:02:37,005] multiqc                                            [DEBUG  ]  No samples found: bowtie2
[2021-02-12 09:02:37,008] multiqc                                            [DEBUG  ]  No samples found: bowtie1
[2021-02-12 09:02:37,010] multiqc                                            [DEBUG  ]  No samples found: snpsplit
[2021-02-12 09:02:37,013] multiqc                                            [DEBUG  ]  No samples found: kat
[2021-02-12 09:02:37,015] multiqc                                            [DEBUG  ]  No samples found: leehom
[2021-02-12 09:02:37,017] multiqc                                            [DEBUG  ]  No samples found: adapterRemoval
[2021-02-12 09:02:37,020] multiqc                                            [DEBUG  ]  No samples found: clipandmerge
[2021-02-12 09:02:37,022] multiqc                                            [DEBUG  ]  No samples found: cutadapt
[2021-02-12 09:02:37,024] multiqc                                            [DEBUG  ]  No samples found: flexbar
[2021-02-12 09:02:37,027] multiqc                                            [DEBUG  ]  No samples found: kaiju
[2021-02-12 09:02:37,029] multiqc                                            [DEBUG  ]  No samples found: kraken
[2021-02-12 09:02:37,032] multiqc                                            [DEBUG  ]  No samples found: malt
[2021-02-12 09:02:37,034] multiqc                                            [DEBUG  ]  No samples found: trimmomatic
[2021-02-12 09:02:37,036] multiqc                                            [DEBUG  ]  No samples found: sickle
[2021-02-12 09:02:37,039] multiqc                                            [DEBUG  ]  No samples found: skewer
[2021-02-12 09:02:37,042] multiqc                                            [DEBUG  ]  No samples found: sortmerna
[2021-02-12 09:02:37,044] multiqc                                            [DEBUG  ]  No samples found: biobloomtools
[2021-02-12 09:02:37,046] multiqc                                            [DEBUG  ]  No samples found: fastq_screen
[2021-02-12 09:02:37,049] multiqc                                            [DEBUG  ]  No samples found: afterqc
[2021-02-12 09:02:37,051] multiqc                                            [DEBUG  ]  No samples found: fastp
[2021-02-12 09:02:37,054] multiqc                                            [DEBUG  ]  No samples found: fastqc
[2021-02-12 09:02:37,056] multiqc                                            [DEBUG  ]  No samples found: pycoqc
[2021-02-12 09:02:37,059] multiqc                                            [DEBUG  ]  No samples found: minionqc
[2021-02-12 09:02:37,061] multiqc                                            [DEBUG  ]  No samples found: multivcfanalyzer
[2021-02-12 09:02:37,063] multiqc                                            [DEBUG  ]  No samples found: clusterflow
[2021-02-12 09:02:37,066] multiqc                                            [DEBUG  ]  No samples found: bcl2fastq
[2021-02-12 09:02:37,068] multiqc                                            [DEBUG  ]  No samples found: interop
[2021-02-12 09:02:37,070] multiqc                                            [DEBUG  ]  No samples found: ivar
[2021-02-12 09:02:37,073] multiqc                                            [DEBUG  ]  No samples found: flash
[2021-02-12 09:02:37,075] multiqc                                            [DEBUG  ]  No samples found: seqyclean
[2021-02-12 09:02:37,080] multiqc                                            [INFO   ]  Compressing plot data
[2021-02-12 09:02:37,115] multiqc                                            [INFO   ]  Report      : qc/chr19_gatk_multiqc.html
[2021-02-12 09:02:37,115] multiqc                                            [INFO   ]  Data        : qc/chr19_gatk_multiqc_data
[2021-02-12 09:02:37,116] multiqc                                            [DEBUG  ]  Moving data file from '/var/folders/9y/gjh2qdnj295_k_z8xt45tb2h0000gn/T/tmphx2h1sec/multiqc_data' to '/Users/samuelperini/Documents/sophia_gen/pipeline_development_task/Bioinformatics_pipeline_development_task/qc/chr19_gatk_multiqc_data'
[2021-02-12 09:02:37,202] multiqc                                            [INFO   ]  MultiQC complete
