[2021-02-10 00:38:36,074] multiqc                                            [DEBUG  ]  No MultiQC config found: /Users/samuelperini/miniconda/envs/pipeline_development/lib/python3.7/site-packages/multiqc_config.yaml
[2021-02-10 00:38:36,074] multiqc                                            [DEBUG  ]  No MultiQC config found: /Users/samuelperini/.multiqc_config.yaml
[2021-02-10 00:38:36,074] multiqc                                            [DEBUG  ]  No MultiQC config found: multiqc_config.yaml
[2021-02-10 00:38:36,075] multiqc                                            [DEBUG  ]  Command used: /Users/samuelperini/miniconda/envs/pipeline_development/bin/multiqc -n qc/multiqc.html results/qc
[2021-02-10 00:38:36,654] multiqc                                            [DEBUG  ]  Latest MultiQC version is v1.9
[2021-02-10 00:38:36,654] multiqc                                            [INFO   ]  This is MultiQC v1.9
[2021-02-10 00:38:36,654] multiqc                                            [DEBUG  ]  Command     : /Users/samuelperini/miniconda/envs/pipeline_development/bin/multiqc -n qc/multiqc.html results/qc
[2021-02-10 00:38:36,654] multiqc                                            [DEBUG  ]  Working dir : /Users/samuelperini/Documents/sophia_gen/Bioinformatics (pipeline development) task/Bioinformatics_pipeline_development_task
[2021-02-10 00:38:36,654] multiqc                                            [INFO   ]  Template    : default
[2021-02-10 00:38:36,654] multiqc                                            [DEBUG  ]  Running Python 3.7.6 (default, Jan  8 2020, 13:42:34)  [Clang 4.0.1 (tags/RELEASE_401/final)]
[2021-02-10 00:38:36,654] multiqc                                            [INFO   ]  Searching   : /Users/samuelperini/Documents/sophia_gen/Bioinformatics (pipeline development) task/Bioinformatics_pipeline_development_task/results/qc
[2021-02-10 00:38:36,655] multiqc                                            [DEBUG  ]  Analysing modules: custom_content, conpair, peddy, somalier, methylQA, mosdepth, phantompeakqualtools, qualimap, preseq, quast, qorts, rna_seqc, rockhopper, rsem, rseqc, busco, goleft_indexcov, disambiguate, supernova, deeptools, sargasso, verifybamid, mirtrace, happy, mirtop, homer, macs2, theta2, snpeff, gatk, htseq, bcftools, featureCounts, fgbio, dragen, dedup, damageprofiler, biobambam2, mtnucratio, picard, prokka, samblaster, samtools, sexdeterrmine, bamtools, jellyfish, vcftools, longranger, stacks, varscan2, bbmap, bismark, biscuit, hicexplorer, hicup, hicpro, salmon, kallisto, slamdunk, star, hisat2, tophat, bowtie2, bowtie1, snpsplit, kat, leehom, adapterRemoval, clipandmerge, cutadapt, flexbar, kaiju, kraken, malt, trimmomatic, sickle, skewer, sortmerna, biobloomtools, fastq_screen, afterqc, fastp, fastqc, pycoqc, minionqc, multivcfanalyzer, clusterflow, bcl2fastq, interop, ivar, flash, seqyclean
[2021-02-10 00:38:36,655] multiqc                                            [DEBUG  ]  Using temporary directory for creating report: /var/folders/9y/gjh2qdnj295_k_z8xt45tb2h0000gn/T/tmpyntvx5lu
[2021-02-10 00:38:37,252] multiqc                                            [DEBUG  ]  Ignoring file as matched an ignore pattern: .DS_Store
[2021-02-10 00:38:37,289] multiqc                                            [DEBUG  ]  File ignored by longranger/invocation because it exceeded search pattern filesize limit: chr19_dedup.metrics.txt
[2021-02-10 00:38:38,723] multiqc.plots.bargraph                             [DEBUG  ]  Using matplotlib version 3.3.4
[2021-02-10 00:38:38,731] multiqc.plots.linegraph                            [DEBUG  ]  Using matplotlib version 3.3.4
[2021-02-10 00:38:38,744] multiqc                                            [DEBUG  ]  No samples found: custom_content
[2021-02-10 00:38:38,764] multiqc                                            [DEBUG  ]  No samples found: conpair
[2021-02-10 00:38:38,776] multiqc                                            [DEBUG  ]  No samples found: peddy
[2021-02-10 00:38:38,791] multiqc                                            [DEBUG  ]  No samples found: somalier
[2021-02-10 00:38:38,805] multiqc                                            [DEBUG  ]  No samples found: methylQA
[2021-02-10 00:38:38,850] multiqc                                            [DEBUG  ]  No samples found: mosdepth
[2021-02-10 00:38:38,856] multiqc                                            [DEBUG  ]  No samples found: phantompeakqualtools
[2021-02-10 00:38:38,871] multiqc                                            [DEBUG  ]  No samples found: qualimap
[2021-02-10 00:38:38,892] multiqc                                            [DEBUG  ]  No samples found: preseq
[2021-02-10 00:38:38,910] multiqc                                            [DEBUG  ]  No samples found: quast
[2021-02-10 00:38:38,919] multiqc                                            [DEBUG  ]  No samples found: qorts
[2021-02-10 00:38:38,937] multiqc                                            [DEBUG  ]  No samples found: rna_seqc
[2021-02-10 00:38:38,957] multiqc                                            [DEBUG  ]  No samples found: rockhopper
[2021-02-10 00:38:38,971] multiqc                                            [DEBUG  ]  No samples found: rsem
[2021-02-10 00:38:39,051] multiqc                                            [DEBUG  ]  No samples found: rseqc
[2021-02-10 00:38:39,063] multiqc                                            [DEBUG  ]  No samples found: busco
[2021-02-10 00:38:39,087] multiqc                                            [DEBUG  ]  No samples found: goleft_indexcov
[2021-02-10 00:38:39,100] multiqc                                            [DEBUG  ]  No samples found: disambiguate
[2021-02-10 00:38:39,157] multiqc                                            [DEBUG  ]  No samples found: supernova
[2021-02-10 00:38:39,212] multiqc                                            [DEBUG  ]  No samples found: deeptools
[2021-02-10 00:38:39,248] multiqc                                            [DEBUG  ]  No samples found: sargasso
[2021-02-10 00:38:39,258] multiqc                                            [DEBUG  ]  No samples found: verifybamid
[2021-02-10 00:38:39,278] multiqc                                            [DEBUG  ]  No samples found: mirtrace
[2021-02-10 00:38:39,294] multiqc                                            [DEBUG  ]  No samples found: happy
[2021-02-10 00:38:39,301] multiqc                                            [DEBUG  ]  No samples found: mirtop
[2021-02-10 00:38:39,323] multiqc                                            [DEBUG  ]  No samples found: homer
[2021-02-10 00:38:39,344] multiqc                                            [DEBUG  ]  No samples found: macs2
[2021-02-10 00:38:39,347] multiqc                                            [DEBUG  ]  No samples found: theta2
[2021-02-10 00:38:39,365] multiqc                                            [DEBUG  ]  No samples found: snpeff
[2021-02-10 00:38:39,393] multiqc                                            [DEBUG  ]  No samples found: gatk
[2021-02-10 00:38:39,405] multiqc                                            [DEBUG  ]  No samples found: htseq
[2021-02-10 00:38:39,415] multiqc                                            [DEBUG  ]  No samples found: bcftools
[2021-02-10 00:38:39,437] multiqc                                            [DEBUG  ]  No samples found: featureCounts
[2021-02-10 00:38:39,555] multiqc                                            [DEBUG  ]  No samples found: fgbio
[2021-02-10 00:38:39,723] multiqc                                            [DEBUG  ]  No samples found: dragen
[2021-02-10 00:38:39,742] multiqc                                            [DEBUG  ]  No samples found: dedup
[2021-02-10 00:38:39,753] multiqc                                            [DEBUG  ]  No samples found: damageprofiler
[2021-02-10 00:38:39,933] multiqc                                            [DEBUG  ]  No samples found: biobambam2
[2021-02-10 00:38:39,961] multiqc                                            [DEBUG  ]  No samples found: mtnucratio
[2021-02-10 00:38:39,993] multiqc.modules.picard.picard                      [INFO   ]  Found 1 MarkDuplicates reports
[2021-02-10 00:38:40,023] multiqc                                            [DEBUG  ]  No samples found: prokka
[2021-02-10 00:38:40,038] multiqc                                            [DEBUG  ]  No samples found: samblaster
[2021-02-10 00:38:40,085] multiqc                                            [DEBUG  ]  No samples found: samtools
[2021-02-10 00:38:40,106] multiqc                                            [DEBUG  ]  No samples found: sexdeterrmine
[2021-02-10 00:38:40,119] multiqc                                            [DEBUG  ]  No samples found: bamtools
[2021-02-10 00:38:40,125] multiqc                                            [DEBUG  ]  No samples found: jellyfish
[2021-02-10 00:38:40,181] multiqc                                            [DEBUG  ]  No samples found: vcftools
[2021-02-10 00:38:40,204] multiqc                                            [DEBUG  ]  No samples found: longranger
[2021-02-10 00:38:40,216] multiqc                                            [DEBUG  ]  No samples found: stacks
[2021-02-10 00:38:40,230] multiqc                                            [DEBUG  ]  No samples found: varscan2
[2021-02-10 00:38:40,283] multiqc                                            [DEBUG  ]  No samples found: bbmap
[2021-02-10 00:38:40,289] multiqc                                            [DEBUG  ]  No samples found: bismark
[2021-02-10 00:38:40,293] multiqc                                            [DEBUG  ]  No samples found: biscuit
[2021-02-10 00:38:40,308] multiqc                                            [DEBUG  ]  No samples found: hicexplorer
[2021-02-10 00:38:40,326] multiqc                                            [DEBUG  ]  No samples found: hicup
[2021-02-10 00:38:40,341] multiqc                                            [DEBUG  ]  No samples found: hicpro
[2021-02-10 00:38:40,362] multiqc                                            [DEBUG  ]  No samples found: salmon
[2021-02-10 00:38:40,388] multiqc                                            [DEBUG  ]  No samples found: kallisto
[2021-02-10 00:38:40,397] multiqc                                            [DEBUG  ]  No samples found: slamdunk
[2021-02-10 00:38:40,410] multiqc                                            [DEBUG  ]  No samples found: star
[2021-02-10 00:38:40,430] multiqc                                            [DEBUG  ]  No samples found: hisat2
[2021-02-10 00:38:40,457] multiqc                                            [DEBUG  ]  No samples found: tophat
[2021-02-10 00:38:40,481] multiqc                                            [DEBUG  ]  No samples found: bowtie2
[2021-02-10 00:38:40,494] multiqc                                            [DEBUG  ]  No samples found: bowtie1
[2021-02-10 00:38:40,514] multiqc                                            [DEBUG  ]  No samples found: snpsplit
[2021-02-10 00:38:40,531] multiqc                                            [DEBUG  ]  No samples found: kat
[2021-02-10 00:38:40,534] multiqc                                            [DEBUG  ]  No samples found: leehom
[2021-02-10 00:38:40,548] multiqc                                            [DEBUG  ]  No samples found: adapterRemoval
[2021-02-10 00:38:40,568] multiqc                                            [DEBUG  ]  No samples found: clipandmerge
[2021-02-10 00:38:40,581] multiqc                                            [DEBUG  ]  No samples found: cutadapt
[2021-02-10 00:38:40,599] multiqc                                            [DEBUG  ]  No samples found: flexbar
[2021-02-10 00:38:40,620] multiqc                                            [DEBUG  ]  No samples found: kaiju
[2021-02-10 00:38:40,635] multiqc                                            [DEBUG  ]  No samples found: kraken
[2021-02-10 00:38:40,642] multiqc                                            [DEBUG  ]  No samples found: malt
[2021-02-10 00:38:40,651] multiqc                                            [DEBUG  ]  No samples found: trimmomatic
[2021-02-10 00:38:40,672] multiqc                                            [DEBUG  ]  No samples found: sickle
[2021-02-10 00:38:40,681] multiqc                                            [DEBUG  ]  No samples found: skewer
[2021-02-10 00:38:40,704] multiqc                                            [DEBUG  ]  No samples found: sortmerna
[2021-02-10 00:38:40,714] multiqc                                            [DEBUG  ]  No samples found: biobloomtools
[2021-02-10 00:38:40,728] multiqc                                            [DEBUG  ]  No samples found: fastq_screen
[2021-02-10 00:38:40,740] multiqc                                            [DEBUG  ]  No samples found: afterqc
[2021-02-10 00:38:40,749] multiqc                                            [DEBUG  ]  No samples found: fastp
[2021-02-10 00:38:40,770] multiqc                                            [DEBUG  ]  No samples found: fastqc
[2021-02-10 00:38:40,785] multiqc                                            [DEBUG  ]  No samples found: pycoqc
[2021-02-10 00:38:40,788] multiqc                                            [DEBUG  ]  No samples found: minionqc
[2021-02-10 00:38:40,816] multiqc                                            [DEBUG  ]  No samples found: multivcfanalyzer
[2021-02-10 00:38:40,835] multiqc                                            [DEBUG  ]  No samples found: clusterflow
[2021-02-10 00:38:40,851] multiqc                                            [DEBUG  ]  No samples found: bcl2fastq
[2021-02-10 00:38:40,862] multiqc                                            [DEBUG  ]  No samples found: interop
[2021-02-10 00:38:40,872] multiqc                                            [DEBUG  ]  No samples found: ivar
[2021-02-10 00:38:40,886] multiqc                                            [DEBUG  ]  No samples found: flash
[2021-02-10 00:38:40,899] multiqc                                            [DEBUG  ]  No samples found: seqyclean
[2021-02-10 00:38:40,900] multiqc                                            [INFO   ]  Compressing plot data
[2021-02-10 00:38:40,917] multiqc                                            [INFO   ]  Report      : qc/multiqc.html
[2021-02-10 00:38:40,917] multiqc                                            [INFO   ]  Data        : qc/multiqc_data
[2021-02-10 00:38:40,917] multiqc                                            [DEBUG  ]  Moving data file from '/var/folders/9y/gjh2qdnj295_k_z8xt45tb2h0000gn/T/tmpyntvx5lu/multiqc_data' to '/Users/samuelperini/Documents/sophia_gen/Bioinformatics (pipeline development) task/Bioinformatics_pipeline_development_task/qc/multiqc_data'
[2021-02-10 00:38:41,202] multiqc                                            [INFO   ]  MultiQC complete
