[2021-02-05 14:06:51,078] multiqc                                            [DEBUG  ]  No MultiQC config found: /Users/samuelperini/miniconda/envs/pipeline_development/lib/python3.8/site-packages/multiqc_config.yaml
[2021-02-05 14:06:51,078] multiqc                                            [DEBUG  ]  No MultiQC config found: /Users/samuelperini/.multiqc_config.yaml
[2021-02-05 14:06:51,078] multiqc                                            [DEBUG  ]  No MultiQC config found: multiqc_config.yaml
[2021-02-05 14:06:51,078] multiqc                                            [DEBUG  ]  Command used: /Users/samuelperini/miniconda/envs/pipeline_development/bin/multiqc Read_coverage/
[2021-02-05 14:06:51,463] multiqc                                            [DEBUG  ]  Latest MultiQC version is v1.9
[2021-02-05 14:06:51,463] multiqc                                            [INFO   ]  This is MultiQC v1.9
[2021-02-05 14:06:51,463] multiqc                                            [DEBUG  ]  Command     : /Users/samuelperini/miniconda/envs/pipeline_development/bin/multiqc Read_coverage/
[2021-02-05 14:06:51,463] multiqc                                            [DEBUG  ]  Working dir : /Users/samuelperini/Documents/sophia_gen/Bioinformatics (pipeline development) task/Bioinformatics_pipeline_development_task
[2021-02-05 14:06:51,463] multiqc                                            [INFO   ]  Template    : default
[2021-02-05 14:06:51,463] multiqc                                            [DEBUG  ]  Running Python 3.8.5 | packaged by conda-forge | (default, Jul 31 2020, 02:15:49)  [Clang 10.0.1 ]
[2021-02-05 14:06:51,464] multiqc                                            [INFO   ]  Searching   : /Users/samuelperini/Documents/sophia_gen/Bioinformatics (pipeline development) task/Bioinformatics_pipeline_development_task/Read_coverage
[2021-02-05 14:06:51,464] multiqc                                            [DEBUG  ]  Analysing modules: custom_content, conpair, peddy, somalier, methylQA, mosdepth, phantompeakqualtools, qualimap, preseq, quast, qorts, rna_seqc, rockhopper, rsem, rseqc, busco, goleft_indexcov, disambiguate, supernova, deeptools, sargasso, verifybamid, mirtrace, happy, mirtop, homer, macs2, theta2, snpeff, gatk, htseq, bcftools, featureCounts, fgbio, dragen, dedup, damageprofiler, biobambam2, mtnucratio, picard, prokka, samblaster, samtools, sexdeterrmine, bamtools, jellyfish, vcftools, longranger, stacks, varscan2, bbmap, bismark, biscuit, hicexplorer, hicup, hicpro, salmon, kallisto, slamdunk, star, hisat2, tophat, bowtie2, bowtie1, snpsplit, kat, leehom, adapterRemoval, clipandmerge, cutadapt, flexbar, kaiju, kraken, malt, trimmomatic, sickle, skewer, sortmerna, biobloomtools, fastq_screen, afterqc, fastp, fastqc, pycoqc, minionqc, multivcfanalyzer, clusterflow, bcl2fastq, interop, ivar, flash, seqyclean
[2021-02-05 14:06:51,464] multiqc                                            [DEBUG  ]  Using temporary directory for creating report: /var/folders/9y/gjh2qdnj295_k_z8xt45tb2h0000gn/T/tmp9q48ekoa
[2021-02-05 14:06:51,694] multiqc                                            [DEBUG  ]  Ignoring file as matched an ignore pattern: qualimapReport.html
[2021-02-05 14:06:51,735] multiqc                                            [DEBUG  ]  File ignored by hicexplorer because it exceeded search pattern filesize limit: underscore.js
[2021-02-05 14:06:51,737] multiqc                                            [DEBUG  ]  File ignored by longranger/invocation because it exceeded search pattern filesize limit: underscore.js
[2021-02-05 14:06:51,746] multiqc                                            [DEBUG  ]  File ignored by hicexplorer because it exceeded search pattern filesize limit: searchtools.js
[2021-02-05 14:06:51,747] multiqc                                            [DEBUG  ]  File ignored by longranger/invocation because it exceeded search pattern filesize limit: searchtools.js
[2021-02-05 14:06:51,766] multiqc                                            [DEBUG  ]  File ignored by hicexplorer because it exceeded search pattern filesize limit: basic.css
[2021-02-05 14:06:51,767] multiqc                                            [DEBUG  ]  File ignored by longranger/invocation because it exceeded search pattern filesize limit: basic.css
[2021-02-05 14:06:51,785] multiqc                                            [DEBUG  ]  File ignored by longranger/invocation because it exceeded search pattern filesize limit: pygments.css
[2021-02-05 14:06:51,792] multiqc                                            [DEBUG  ]  File ignored by hicexplorer because it exceeded search pattern filesize limit: doctools.js
[2021-02-05 14:06:51,793] multiqc                                            [DEBUG  ]  File ignored by longranger/invocation because it exceeded search pattern filesize limit: doctools.js
[2021-02-05 14:06:51,803] multiqc                                            [DEBUG  ]  File ignored by hicexplorer because it exceeded search pattern filesize limit: websupport.js
[2021-02-05 14:06:51,804] multiqc                                            [DEBUG  ]  File ignored by longranger/invocation because it exceeded search pattern filesize limit: websupport.js
[2021-02-05 14:06:51,819] multiqc                                            [DEBUG  ]  File ignored by hicexplorer because it exceeded search pattern filesize limit: agogo.css
[2021-02-05 14:06:51,820] multiqc                                            [DEBUG  ]  File ignored by longranger/invocation because it exceeded search pattern filesize limit: agogo.css
[2021-02-05 14:06:51,831] multiqc                                            [DEBUG  ]  File ignored by hicexplorer because it exceeded search pattern filesize limit: jquery.js
[2021-02-05 14:06:51,832] multiqc                                            [DEBUG  ]  File ignored by longranger/invocation because it exceeded search pattern filesize limit: jquery.js
[2021-02-05 14:06:51,843] multiqc                                            [DEBUG  ]  File ignored by hicexplorer because it exceeded search pattern filesize limit: mapped_reads_nucleotide_content.txt
[2021-02-05 14:06:51,844] multiqc                                            [DEBUG  ]  File ignored by longranger/invocation because it exceeded search pattern filesize limit: mapped_reads_nucleotide_content.txt
[2021-02-05 14:06:51,863] multiqc                                            [DEBUG  ]  File ignored by hicexplorer because it exceeded search pattern filesize limit: insert_size_across_reference.txt
[2021-02-05 14:06:51,864] multiqc                                            [DEBUG  ]  File ignored by longranger/invocation because it exceeded search pattern filesize limit: insert_size_across_reference.txt
[2021-02-05 14:06:51,875] multiqc                                            [DEBUG  ]  File ignored by hicexplorer because it exceeded search pattern filesize limit: mapping_quality_across_reference.txt
[2021-02-05 14:06:51,876] multiqc                                            [DEBUG  ]  File ignored by longranger/invocation because it exceeded search pattern filesize limit: mapping_quality_across_reference.txt
[2021-02-05 14:06:51,898] multiqc                                            [DEBUG  ]  File ignored by hicexplorer because it exceeded search pattern filesize limit: coverage_across_reference.txt
[2021-02-05 14:06:51,900] multiqc                                            [DEBUG  ]  File ignored by longranger/invocation because it exceeded search pattern filesize limit: coverage_across_reference.txt
[2021-02-05 14:06:51,910] multiqc                                            [DEBUG  ]  File ignored by hicexplorer because it exceeded search pattern filesize limit: mapped_reads_clipping_profile.txt
[2021-02-05 14:06:51,911] multiqc                                            [DEBUG  ]  File ignored by longranger/invocation because it exceeded search pattern filesize limit: mapped_reads_clipping_profile.txt
[2021-02-05 14:06:55,851] multiqc.plots.bargraph                             [DEBUG  ]  Using matplotlib version 3.3.4
[2021-02-05 14:06:55,851] multiqc.plots.linegraph                            [DEBUG  ]  Using matplotlib version 3.3.4
[2021-02-05 14:06:55,862] multiqc                                            [DEBUG  ]  No samples found: custom_content
[2021-02-05 14:06:55,878] multiqc                                            [DEBUG  ]  No samples found: conpair
[2021-02-05 14:06:55,893] multiqc                                            [DEBUG  ]  No samples found: peddy
[2021-02-05 14:06:55,909] multiqc                                            [DEBUG  ]  No samples found: somalier
[2021-02-05 14:06:55,929] multiqc                                            [DEBUG  ]  No samples found: methylQA
[2021-02-05 14:06:55,962] multiqc                                            [DEBUG  ]  No samples found: mosdepth
[2021-02-05 14:06:55,975] multiqc                                            [DEBUG  ]  No samples found: phantompeakqualtools
[2021-02-05 14:06:55,980] multiqc.modules.qualimap.QM_BamQC                  [DEBUG  ]  Using default Qualimap thresholds: 1, 5, 10, 30, 50
[2021-02-05 14:06:55,993] multiqc.modules.qualimap.qualimap                  [INFO   ]  Found 1 BamQC reports
[2021-02-05 14:06:55,999] multiqc                                            [DEBUG  ]  No samples found: preseq
[2021-02-05 14:06:56,014] multiqc                                            [DEBUG  ]  No samples found: quast
[2021-02-05 14:06:56,029] multiqc                                            [DEBUG  ]  No samples found: qorts
[2021-02-05 14:06:56,035] multiqc                                            [DEBUG  ]  No samples found: rna_seqc
[2021-02-05 14:06:56,055] multiqc                                            [DEBUG  ]  No samples found: rockhopper
[2021-02-05 14:06:56,070] multiqc                                            [DEBUG  ]  No samples found: rsem
[2021-02-05 14:06:56,124] multiqc                                            [DEBUG  ]  No samples found: rseqc
[2021-02-05 14:06:56,135] multiqc                                            [DEBUG  ]  No samples found: busco
[2021-02-05 14:06:56,152] multiqc                                            [DEBUG  ]  No samples found: goleft_indexcov
[2021-02-05 14:06:56,154] multiqc                                            [DEBUG  ]  No samples found: disambiguate
[2021-02-05 14:06:56,168] multiqc                                            [DEBUG  ]  No samples found: supernova
[2021-02-05 14:06:56,215] multiqc                                            [DEBUG  ]  No samples found: deeptools
[2021-02-05 14:06:56,217] multiqc                                            [DEBUG  ]  No samples found: sargasso
[2021-02-05 14:06:56,231] multiqc                                            [DEBUG  ]  No samples found: verifybamid
[2021-02-05 14:06:56,234] multiqc                                            [DEBUG  ]  No samples found: mirtrace
[2021-02-05 14:06:56,244] multiqc                                            [DEBUG  ]  No samples found: happy
[2021-02-05 14:06:56,247] multiqc                                            [DEBUG  ]  No samples found: mirtop
[2021-02-05 14:06:56,258] multiqc                                            [DEBUG  ]  No samples found: homer
[2021-02-05 14:06:56,264] multiqc                                            [DEBUG  ]  No samples found: macs2
[2021-02-05 14:06:56,267] multiqc                                            [DEBUG  ]  No samples found: theta2
[2021-02-05 14:06:56,269] multiqc                                            [DEBUG  ]  No samples found: snpeff
[2021-02-05 14:06:56,284] multiqc                                            [DEBUG  ]  No samples found: gatk
[2021-02-05 14:06:56,286] multiqc                                            [DEBUG  ]  No samples found: htseq
[2021-02-05 14:06:56,289] multiqc                                            [DEBUG  ]  No samples found: bcftools
[2021-02-05 14:06:56,292] multiqc                                            [DEBUG  ]  No samples found: featureCounts
[2021-02-05 14:06:56,305] multiqc                                            [DEBUG  ]  No samples found: fgbio
[2021-02-05 14:06:56,335] multiqc                                            [DEBUG  ]  No samples found: dragen
[2021-02-05 14:06:56,338] multiqc                                            [DEBUG  ]  No samples found: dedup
[2021-02-05 14:06:56,354] multiqc                                            [DEBUG  ]  No samples found: damageprofiler
[2021-02-05 14:06:56,397] multiqc                                            [DEBUG  ]  No samples found: biobambam2
[2021-02-05 14:06:56,400] multiqc                                            [DEBUG  ]  No samples found: mtnucratio
[2021-02-05 14:06:56,402] multiqc                                            [DEBUG  ]  No samples found: picard
[2021-02-05 14:06:56,412] multiqc                                            [DEBUG  ]  No samples found: prokka
[2021-02-05 14:06:56,418] multiqc                                            [DEBUG  ]  No samples found: samblaster
[2021-02-05 14:06:56,429] multiqc                                            [DEBUG  ]  No samples found: samtools
[2021-02-05 14:06:56,443] multiqc                                            [DEBUG  ]  No samples found: sexdeterrmine
[2021-02-05 14:06:56,446] multiqc                                            [DEBUG  ]  No samples found: bamtools
[2021-02-05 14:06:56,459] multiqc                                            [DEBUG  ]  No samples found: jellyfish
[2021-02-05 14:06:56,473] multiqc                                            [DEBUG  ]  No samples found: vcftools
[2021-02-05 14:06:56,475] multiqc                                            [DEBUG  ]  No samples found: longranger
[2021-02-05 14:06:56,480] multiqc                                            [DEBUG  ]  No samples found: stacks
[2021-02-05 14:06:56,482] multiqc                                            [DEBUG  ]  No samples found: varscan2
[2021-02-05 14:06:56,516] multiqc                                            [DEBUG  ]  No samples found: bbmap
[2021-02-05 14:06:56,519] multiqc                                            [DEBUG  ]  No samples found: bismark
[2021-02-05 14:06:56,522] multiqc                                            [DEBUG  ]  No samples found: biscuit
[2021-02-05 14:06:56,524] multiqc                                            [DEBUG  ]  No samples found: hicexplorer
[2021-02-05 14:06:56,527] multiqc                                            [DEBUG  ]  No samples found: hicup
[2021-02-05 14:06:56,530] multiqc                                            [DEBUG  ]  No samples found: hicpro
[2021-02-05 14:06:56,532] multiqc                                            [DEBUG  ]  No samples found: salmon
[2021-02-05 14:06:56,535] multiqc                                            [DEBUG  ]  No samples found: kallisto
[2021-02-05 14:06:56,552] multiqc                                            [DEBUG  ]  No samples found: slamdunk
[2021-02-05 14:06:56,555] multiqc                                            [DEBUG  ]  No samples found: star
[2021-02-05 14:06:56,558] multiqc                                            [DEBUG  ]  No samples found: hisat2
[2021-02-05 14:06:56,569] multiqc                                            [DEBUG  ]  No samples found: tophat
[2021-02-05 14:06:56,571] multiqc                                            [DEBUG  ]  No samples found: bowtie2
[2021-02-05 14:06:56,574] multiqc                                            [DEBUG  ]  No samples found: bowtie1
[2021-02-05 14:06:56,577] multiqc                                            [DEBUG  ]  No samples found: snpsplit
[2021-02-05 14:06:56,579] multiqc                                            [DEBUG  ]  No samples found: kat
[2021-02-05 14:06:56,583] multiqc                                            [DEBUG  ]  No samples found: leehom
[2021-02-05 14:06:56,586] multiqc                                            [DEBUG  ]  No samples found: adapterRemoval
[2021-02-05 14:06:56,588] multiqc                                            [DEBUG  ]  No samples found: clipandmerge
[2021-02-05 14:06:56,591] multiqc                                            [DEBUG  ]  No samples found: cutadapt
[2021-02-05 14:06:56,593] multiqc                                            [DEBUG  ]  No samples found: flexbar
[2021-02-05 14:06:56,596] multiqc                                            [DEBUG  ]  No samples found: kaiju
[2021-02-05 14:06:56,599] multiqc                                            [DEBUG  ]  No samples found: kraken
[2021-02-05 14:06:56,601] multiqc                                            [DEBUG  ]  No samples found: malt
[2021-02-05 14:06:56,604] multiqc                                            [DEBUG  ]  No samples found: trimmomatic
[2021-02-05 14:06:56,618] multiqc                                            [DEBUG  ]  No samples found: sickle
[2021-02-05 14:06:56,621] multiqc                                            [DEBUG  ]  No samples found: skewer
[2021-02-05 14:06:56,624] multiqc                                            [DEBUG  ]  No samples found: sortmerna
[2021-02-05 14:06:56,626] multiqc                                            [DEBUG  ]  No samples found: biobloomtools
[2021-02-05 14:06:56,638] multiqc                                            [DEBUG  ]  No samples found: fastq_screen
[2021-02-05 14:06:56,641] multiqc                                            [DEBUG  ]  No samples found: afterqc
[2021-02-05 14:06:56,644] multiqc                                            [DEBUG  ]  No samples found: fastp
[2021-02-05 14:06:56,647] multiqc                                            [DEBUG  ]  No samples found: fastqc
[2021-02-05 14:06:56,656] multiqc                                            [DEBUG  ]  No samples found: pycoqc
[2021-02-05 14:06:56,666] multiqc                                            [DEBUG  ]  No samples found: minionqc
[2021-02-05 14:06:56,669] multiqc                                            [DEBUG  ]  No samples found: multivcfanalyzer
[2021-02-05 14:06:56,678] multiqc                                            [DEBUG  ]  No samples found: clusterflow
[2021-02-05 14:06:56,681] multiqc                                            [DEBUG  ]  No samples found: bcl2fastq
[2021-02-05 14:06:56,684] multiqc                                            [DEBUG  ]  No samples found: interop
[2021-02-05 14:06:56,686] multiqc                                            [DEBUG  ]  No samples found: ivar
[2021-02-05 14:06:56,689] multiqc                                            [DEBUG  ]  No samples found: flash
[2021-02-05 14:06:56,711] multiqc                                            [DEBUG  ]  No samples found: seqyclean
[2021-02-05 14:06:56,714] multiqc                                            [INFO   ]  Compressing plot data
[2021-02-05 14:06:56,734] multiqc                                            [INFO   ]  Report      : multiqc_report.html
[2021-02-05 14:06:56,735] multiqc                                            [INFO   ]  Data        : multiqc_data
[2021-02-05 14:06:56,735] multiqc                                            [DEBUG  ]  Moving data file from '/var/folders/9y/gjh2qdnj295_k_z8xt45tb2h0000gn/T/tmp9q48ekoa/multiqc_data' to '/Users/samuelperini/Documents/sophia_gen/Bioinformatics (pipeline development) task/Bioinformatics_pipeline_development_task/multiqc_data'
[2021-02-05 14:06:56,934] multiqc                                            [INFO   ]  MultiQC complete
