[2021-02-12 09:02:23,480] multiqc                                            [DEBUG  ]  No MultiQC config found: /Users/samuelperini/miniconda/envs/pipeline_development/lib/python3.7/site-packages/multiqc_config.yaml
[2021-02-12 09:02:23,480] multiqc                                            [DEBUG  ]  No MultiQC config found: /Users/samuelperini/.multiqc_config.yaml
[2021-02-12 09:02:23,480] multiqc                                            [DEBUG  ]  No MultiQC config found: multiqc_config.yaml
[2021-02-12 09:02:23,480] multiqc                                            [DEBUG  ]  Command used: /Users/samuelperini/miniconda/envs/pipeline_development/bin/multiqc -n qc/chr19_samtools_multiqc.html results/qc
[2021-02-12 09:02:23,919] multiqc                                            [DEBUG  ]  Latest MultiQC version is v1.9
[2021-02-12 09:02:23,919] multiqc                                            [INFO   ]  This is MultiQC v1.9
[2021-02-12 09:02:23,919] multiqc                                            [DEBUG  ]  Command     : /Users/samuelperini/miniconda/envs/pipeline_development/bin/multiqc -n qc/chr19_samtools_multiqc.html results/qc
[2021-02-12 09:02:23,919] multiqc                                            [DEBUG  ]  Working dir : /Users/samuelperini/Documents/sophia_gen/pipeline_development_task/Bioinformatics_pipeline_development_task
[2021-02-12 09:02:23,919] multiqc                                            [INFO   ]  Template    : default
[2021-02-12 09:02:23,919] multiqc                                            [DEBUG  ]  Running Python 3.7.6 (default, Jan  8 2020, 13:42:34)  [Clang 4.0.1 (tags/RELEASE_401/final)]
[2021-02-12 09:02:23,919] multiqc                                            [INFO   ]  Searching   : /Users/samuelperini/Documents/sophia_gen/pipeline_development_task/Bioinformatics_pipeline_development_task/results/qc
[2021-02-12 09:02:23,920] multiqc                                            [DEBUG  ]  Analysing modules: custom_content, conpair, peddy, somalier, methylQA, mosdepth, phantompeakqualtools, qualimap, preseq, quast, qorts, rna_seqc, rockhopper, rsem, rseqc, busco, goleft_indexcov, disambiguate, supernova, deeptools, sargasso, verifybamid, mirtrace, happy, mirtop, homer, macs2, theta2, snpeff, gatk, htseq, bcftools, featureCounts, fgbio, dragen, dedup, damageprofiler, biobambam2, mtnucratio, picard, prokka, samblaster, samtools, sexdeterrmine, bamtools, jellyfish, vcftools, longranger, stacks, varscan2, bbmap, bismark, biscuit, hicexplorer, hicup, hicpro, salmon, kallisto, slamdunk, star, hisat2, tophat, bowtie2, bowtie1, snpsplit, kat, leehom, adapterRemoval, clipandmerge, cutadapt, flexbar, kaiju, kraken, malt, trimmomatic, sickle, skewer, sortmerna, biobloomtools, fastq_screen, afterqc, fastp, fastqc, pycoqc, minionqc, multivcfanalyzer, clusterflow, bcl2fastq, interop, ivar, flash, seqyclean
[2021-02-12 09:02:23,920] multiqc                                            [DEBUG  ]  Using temporary directory for creating report: /var/folders/9y/gjh2qdnj295_k_z8xt45tb2h0000gn/T/tmpoms_ce0b
[2021-02-12 09:02:24,051] multiqc                                            [DEBUG  ]  Ignoring file as matched an ignore pattern: .DS_Store
[2021-02-12 09:02:24,069] multiqc                                            [DEBUG  ]  File ignored by hicexplorer because it exceeded search pattern filesize limit: chr19_bcfstats_callers.txt
[2021-02-12 09:02:24,071] multiqc                                            [DEBUG  ]  File ignored by longranger/invocation because it exceeded search pattern filesize limit: chr19_bcfstats_callers.txt
[2021-02-12 09:02:24,101] multiqc                                            [DEBUG  ]  File ignored by hicexplorer because it exceeded search pattern filesize limit: GC_chr19_00_freq.txt
[2021-02-12 09:02:24,102] multiqc                                            [DEBUG  ]  File ignored by longranger/invocation because it exceeded search pattern filesize limit: GC_chr19_00_freq.txt
[2021-02-12 09:02:24,128] multiqc                                            [DEBUG  ]  File ignored by hicexplorer because it exceeded search pattern filesize limit: chr19_samtools.metrics.txt
[2021-02-12 09:02:24,130] multiqc                                            [DEBUG  ]  File ignored by longranger/invocation because it exceeded search pattern filesize limit: chr19_samtools.metrics.txt
[2021-02-12 09:02:24,239] multiqc                                            [DEBUG  ]  File ignored by longranger/invocation because it exceeded search pattern filesize limit: chr19_dedup.metrics.txt
[2021-02-12 09:02:24,252] multiqc                                            [DEBUG  ]  File ignored by hicexplorer because it exceeded search pattern filesize limit: GC_chr19_11_freq.txt
[2021-02-12 09:02:24,253] multiqc                                            [DEBUG  ]  File ignored by longranger/invocation because it exceeded search pattern filesize limit: GC_chr19_11_freq.txt
[2021-02-12 09:02:24,270] multiqc                                            [DEBUG  ]  File ignored by hicexplorer because it exceeded search pattern filesize limit: chr19_hs_metrics.txt
[2021-02-12 09:02:24,271] multiqc                                            [DEBUG  ]  File ignored by longranger/invocation because it exceeded search pattern filesize limit: chr19_hs_metrics.txt
[2021-02-12 09:02:24,316] multiqc                                            [DEBUG  ]  File ignored by hicexplorer because it exceeded search pattern filesize limit: chr19_gc_freq.txt
[2021-02-12 09:02:24,317] multiqc                                            [DEBUG  ]  File ignored by longranger/invocation because it exceeded search pattern filesize limit: chr19_gc_freq.txt
[2021-02-12 09:02:24,898] multiqc.plots.bargraph                             [DEBUG  ]  Using matplotlib version 3.3.4
[2021-02-12 09:02:24,899] multiqc.plots.linegraph                            [DEBUG  ]  Using matplotlib version 3.3.4
[2021-02-12 09:02:24,900] multiqc                                            [DEBUG  ]  No samples found: custom_content
[2021-02-12 09:02:24,903] multiqc                                            [DEBUG  ]  No samples found: conpair
[2021-02-12 09:02:24,906] multiqc                                            [DEBUG  ]  No samples found: peddy
[2021-02-12 09:02:24,910] multiqc                                            [DEBUG  ]  No samples found: somalier
[2021-02-12 09:02:24,913] multiqc                                            [DEBUG  ]  No samples found: methylQA
[2021-02-12 09:02:24,918] multiqc                                            [DEBUG  ]  No samples found: mosdepth
[2021-02-12 09:02:24,921] multiqc                                            [DEBUG  ]  No samples found: phantompeakqualtools
[2021-02-12 09:02:24,923] multiqc                                            [DEBUG  ]  No samples found: qualimap
[2021-02-12 09:02:24,926] multiqc                                            [DEBUG  ]  No samples found: preseq
[2021-02-12 09:02:24,929] multiqc                                            [DEBUG  ]  No samples found: quast
[2021-02-12 09:02:24,932] multiqc                                            [DEBUG  ]  No samples found: qorts
[2021-02-12 09:02:24,935] multiqc                                            [DEBUG  ]  No samples found: rna_seqc
[2021-02-12 09:02:24,939] multiqc                                            [DEBUG  ]  No samples found: rockhopper
[2021-02-12 09:02:24,942] multiqc                                            [DEBUG  ]  No samples found: rsem
[2021-02-12 09:02:24,949] multiqc                                            [DEBUG  ]  No samples found: rseqc
[2021-02-12 09:02:24,953] multiqc                                            [DEBUG  ]  No samples found: busco
[2021-02-12 09:02:24,957] multiqc                                            [DEBUG  ]  No samples found: goleft_indexcov
[2021-02-12 09:02:24,959] multiqc                                            [DEBUG  ]  No samples found: disambiguate
[2021-02-12 09:02:24,963] multiqc                                            [DEBUG  ]  No samples found: supernova
[2021-02-12 09:02:24,970] multiqc                                            [DEBUG  ]  No samples found: deeptools
[2021-02-12 09:02:24,973] multiqc                                            [DEBUG  ]  No samples found: sargasso
[2021-02-12 09:02:24,976] multiqc                                            [DEBUG  ]  No samples found: verifybamid
[2021-02-12 09:02:24,979] multiqc                                            [DEBUG  ]  No samples found: mirtrace
[2021-02-12 09:02:24,982] multiqc                                            [DEBUG  ]  No samples found: happy
[2021-02-12 09:02:24,985] multiqc                                            [DEBUG  ]  No samples found: mirtop
[2021-02-12 09:02:24,989] multiqc                                            [DEBUG  ]  No samples found: homer
[2021-02-12 09:02:24,992] multiqc                                            [DEBUG  ]  No samples found: macs2
[2021-02-12 09:02:24,995] multiqc                                            [DEBUG  ]  No samples found: theta2
[2021-02-12 09:02:24,998] multiqc                                            [DEBUG  ]  No samples found: snpeff
[2021-02-12 09:02:25,002] multiqc                                            [DEBUG  ]  No samples found: gatk
[2021-02-12 09:02:25,005] multiqc                                            [DEBUG  ]  No samples found: htseq
[2021-02-12 09:02:25,009] multiqc.modules.bcftools.stats                     [DEBUG  ]  Duplicate sample name found! Overwriting: chr19_filt.gatk
[2021-02-12 09:02:25,019] multiqc.modules.bcftools.bcftools                  [INFO   ]  Found 2 stats reports
[2021-02-12 09:02:25,023] multiqc                                            [DEBUG  ]  No samples found: featureCounts
[2021-02-12 09:02:25,027] multiqc                                            [DEBUG  ]  No samples found: fgbio
[2021-02-12 09:02:25,034] multiqc                                            [DEBUG  ]  No samples found: dragen
[2021-02-12 09:02:25,037] multiqc                                            [DEBUG  ]  No samples found: dedup
[2021-02-12 09:02:25,040] multiqc                                            [DEBUG  ]  No samples found: damageprofiler
[2021-02-12 09:02:25,052] multiqc                                            [DEBUG  ]  No samples found: biobambam2
[2021-02-12 09:02:25,054] multiqc                                            [DEBUG  ]  No samples found: mtnucratio
[2021-02-12 09:02:25,066] multiqc.modules.picard.picard                      [INFO   ]  Found 1 HsMetrics reports
[2021-02-12 09:02:25,069] multiqc.modules.picard.picard                      [INFO   ]  Found 1 MarkDuplicates reports
[2021-02-12 09:02:25,073] multiqc                                            [DEBUG  ]  No samples found: prokka
[2021-02-12 09:02:25,076] multiqc                                            [DEBUG  ]  No samples found: samblaster
[2021-02-12 09:02:25,085] multiqc.modules.samtools.samtools                  [INFO   ]  Found 1 stats reports
[2021-02-12 09:02:25,088] multiqc                                            [DEBUG  ]  No samples found: sexdeterrmine
[2021-02-12 09:02:25,092] multiqc                                            [DEBUG  ]  No samples found: bamtools
[2021-02-12 09:02:25,095] multiqc                                            [DEBUG  ]  No samples found: jellyfish
[2021-02-12 09:02:25,100] multiqc                                            [DEBUG  ]  No samples found: vcftools
[2021-02-12 09:02:25,103] multiqc                                            [DEBUG  ]  No samples found: longranger
[2021-02-12 09:02:25,106] multiqc                                            [DEBUG  ]  No samples found: stacks
[2021-02-12 09:02:25,110] multiqc                                            [DEBUG  ]  No samples found: varscan2
[2021-02-12 09:02:25,118] multiqc                                            [DEBUG  ]  No samples found: bbmap
[2021-02-12 09:02:25,121] multiqc                                            [DEBUG  ]  No samples found: bismark
[2021-02-12 09:02:25,124] multiqc                                            [DEBUG  ]  No samples found: biscuit
[2021-02-12 09:02:25,127] multiqc                                            [DEBUG  ]  No samples found: hicexplorer
[2021-02-12 09:02:25,130] multiqc                                            [DEBUG  ]  No samples found: hicup
[2021-02-12 09:02:25,133] multiqc                                            [DEBUG  ]  No samples found: hicpro
[2021-02-12 09:02:25,136] multiqc                                            [DEBUG  ]  No samples found: salmon
[2021-02-12 09:02:25,139] multiqc                                            [DEBUG  ]  No samples found: kallisto
[2021-02-12 09:02:25,142] multiqc                                            [DEBUG  ]  No samples found: slamdunk
[2021-02-12 09:02:25,145] multiqc                                            [DEBUG  ]  No samples found: star
[2021-02-12 09:02:25,148] multiqc                                            [DEBUG  ]  No samples found: hisat2
[2021-02-12 09:02:25,151] multiqc                                            [DEBUG  ]  No samples found: tophat
[2021-02-12 09:02:25,155] multiqc                                            [DEBUG  ]  No samples found: bowtie2
[2021-02-12 09:02:25,157] multiqc                                            [DEBUG  ]  No samples found: bowtie1
[2021-02-12 09:02:25,160] multiqc                                            [DEBUG  ]  No samples found: snpsplit
[2021-02-12 09:02:25,163] multiqc                                            [DEBUG  ]  No samples found: kat
[2021-02-12 09:02:25,166] multiqc                                            [DEBUG  ]  No samples found: leehom
[2021-02-12 09:02:25,170] multiqc                                            [DEBUG  ]  No samples found: adapterRemoval
[2021-02-12 09:02:25,173] multiqc                                            [DEBUG  ]  No samples found: clipandmerge
[2021-02-12 09:02:25,176] multiqc                                            [DEBUG  ]  No samples found: cutadapt
[2021-02-12 09:02:25,179] multiqc                                            [DEBUG  ]  No samples found: flexbar
[2021-02-12 09:02:25,182] multiqc                                            [DEBUG  ]  No samples found: kaiju
[2021-02-12 09:02:25,184] multiqc                                            [DEBUG  ]  No samples found: kraken
[2021-02-12 09:02:25,187] multiqc                                            [DEBUG  ]  No samples found: malt
[2021-02-12 09:02:25,190] multiqc                                            [DEBUG  ]  No samples found: trimmomatic
[2021-02-12 09:02:25,193] multiqc                                            [DEBUG  ]  No samples found: sickle
[2021-02-12 09:02:25,197] multiqc                                            [DEBUG  ]  No samples found: skewer
[2021-02-12 09:02:25,200] multiqc                                            [DEBUG  ]  No samples found: sortmerna
[2021-02-12 09:02:25,203] multiqc                                            [DEBUG  ]  No samples found: biobloomtools
[2021-02-12 09:02:25,206] multiqc                                            [DEBUG  ]  No samples found: fastq_screen
[2021-02-12 09:02:25,208] multiqc                                            [DEBUG  ]  No samples found: afterqc
[2021-02-12 09:02:25,211] multiqc                                            [DEBUG  ]  No samples found: fastp
[2021-02-12 09:02:25,214] multiqc                                            [DEBUG  ]  No samples found: fastqc
[2021-02-12 09:02:25,217] multiqc                                            [DEBUG  ]  No samples found: pycoqc
[2021-02-12 09:02:25,220] multiqc                                            [DEBUG  ]  No samples found: minionqc
[2021-02-12 09:02:25,223] multiqc                                            [DEBUG  ]  No samples found: multivcfanalyzer
[2021-02-12 09:02:25,226] multiqc                                            [DEBUG  ]  No samples found: clusterflow
[2021-02-12 09:02:25,229] multiqc                                            [DEBUG  ]  No samples found: bcl2fastq
[2021-02-12 09:02:25,232] multiqc                                            [DEBUG  ]  No samples found: interop
[2021-02-12 09:02:25,235] multiqc                                            [DEBUG  ]  No samples found: ivar
[2021-02-12 09:02:25,238] multiqc                                            [DEBUG  ]  No samples found: flash
[2021-02-12 09:02:25,241] multiqc                                            [DEBUG  ]  No samples found: seqyclean
[2021-02-12 09:02:25,246] multiqc                                            [INFO   ]  Compressing plot data
[2021-02-12 09:02:25,283] multiqc                                            [INFO   ]  Report      : qc/chr19_samtools_multiqc.html
[2021-02-12 09:02:25,283] multiqc                                            [INFO   ]  Data        : qc/chr19_samtools_multiqc_data
[2021-02-12 09:02:25,283] multiqc                                            [DEBUG  ]  Moving data file from '/var/folders/9y/gjh2qdnj295_k_z8xt45tb2h0000gn/T/tmpoms_ce0b/multiqc_data' to '/Users/samuelperini/Documents/sophia_gen/pipeline_development_task/Bioinformatics_pipeline_development_task/qc/chr19_samtools_multiqc_data'
[2021-02-12 09:02:25,390] multiqc                                            [INFO   ]  MultiQC complete
