[2021-02-11 07:17:13,758] multiqc                                            [DEBUG  ]  No MultiQC config found: /Users/samuelperini/miniconda/envs/pipeline_development/lib/python3.7/site-packages/multiqc_config.yaml
[2021-02-11 07:17:13,758] multiqc                                            [DEBUG  ]  No MultiQC config found: /Users/samuelperini/.multiqc_config.yaml
[2021-02-11 07:17:13,758] multiqc                                            [DEBUG  ]  No MultiQC config found: multiqc_config.yaml
[2021-02-11 07:17:13,758] multiqc                                            [DEBUG  ]  Command used: /Users/samuelperini/miniconda/envs/pipeline_development/bin/multiqc -n qc/chr19_multiqc.html results/qc
[2021-02-11 07:17:14,102] multiqc                                            [DEBUG  ]  Latest MultiQC version is v1.9
[2021-02-11 07:17:14,102] multiqc                                            [INFO   ]  This is MultiQC v1.9
[2021-02-11 07:17:14,102] multiqc                                            [DEBUG  ]  Command     : /Users/samuelperini/miniconda/envs/pipeline_development/bin/multiqc -n qc/chr19_multiqc.html results/qc
[2021-02-11 07:17:14,102] multiqc                                            [DEBUG  ]  Working dir : /Users/samuelperini/Documents/sophia_gen/pipeline_development_task/Bioinformatics_pipeline_development_task
[2021-02-11 07:17:14,102] multiqc                                            [INFO   ]  Template    : default
[2021-02-11 07:17:14,102] multiqc                                            [DEBUG  ]  Running Python 3.7.6 (default, Jan  8 2020, 13:42:34)  [Clang 4.0.1 (tags/RELEASE_401/final)]
[2021-02-11 07:17:14,103] multiqc                                            [INFO   ]  Searching   : /Users/samuelperini/Documents/sophia_gen/pipeline_development_task/Bioinformatics_pipeline_development_task/results/qc
[2021-02-11 07:17:14,103] multiqc                                            [DEBUG  ]  Analysing modules: custom_content, conpair, peddy, somalier, methylQA, mosdepth, phantompeakqualtools, qualimap, preseq, quast, qorts, rna_seqc, rockhopper, rsem, rseqc, busco, goleft_indexcov, disambiguate, supernova, deeptools, sargasso, verifybamid, mirtrace, happy, mirtop, homer, macs2, theta2, snpeff, gatk, htseq, bcftools, featureCounts, fgbio, dragen, dedup, damageprofiler, biobambam2, mtnucratio, picard, prokka, samblaster, samtools, sexdeterrmine, bamtools, jellyfish, vcftools, longranger, stacks, varscan2, bbmap, bismark, biscuit, hicexplorer, hicup, hicpro, salmon, kallisto, slamdunk, star, hisat2, tophat, bowtie2, bowtie1, snpsplit, kat, leehom, adapterRemoval, clipandmerge, cutadapt, flexbar, kaiju, kraken, malt, trimmomatic, sickle, skewer, sortmerna, biobloomtools, fastq_screen, afterqc, fastp, fastqc, pycoqc, minionqc, multivcfanalyzer, clusterflow, bcl2fastq, interop, ivar, flash, seqyclean
[2021-02-11 07:17:14,103] multiqc                                            [DEBUG  ]  Using temporary directory for creating report: /var/folders/9y/gjh2qdnj295_k_z8xt45tb2h0000gn/T/tmpy1so4vua
[2021-02-11 07:17:14,424] multiqc                                            [DEBUG  ]  Ignoring file as matched an ignore pattern: .DS_Store
[2021-02-11 07:17:14,464] multiqc                                            [DEBUG  ]  File ignored by hicexplorer because it exceeded search pattern filesize limit: GC_chr19_00_freq.txt
[2021-02-11 07:17:14,467] multiqc                                            [DEBUG  ]  File ignored by longranger/invocation because it exceeded search pattern filesize limit: GC_chr19_00_freq.txt
[2021-02-11 07:17:14,500] multiqc                                            [DEBUG  ]  File ignored by hicexplorer because it exceeded search pattern filesize limit: chr19_samtools.metrics.txt
[2021-02-11 07:17:14,502] multiqc                                            [DEBUG  ]  File ignored by longranger/invocation because it exceeded search pattern filesize limit: chr19_samtools.metrics.txt
[2021-02-11 07:17:14,596] multiqc                                            [DEBUG  ]  File ignored by longranger/invocation because it exceeded search pattern filesize limit: chr19_dedup.metrics.txt
[2021-02-11 07:17:14,602] multiqc                                            [DEBUG  ]  File ignored by hicexplorer because it exceeded search pattern filesize limit: GC_chr19_11_freq.txt
[2021-02-11 07:17:14,604] multiqc                                            [DEBUG  ]  File ignored by longranger/invocation because it exceeded search pattern filesize limit: GC_chr19_11_freq.txt
[2021-02-11 07:17:14,633] multiqc                                            [DEBUG  ]  File ignored by hicexplorer because it exceeded search pattern filesize limit: chr19_hs_metrics.txt
[2021-02-11 07:17:14,634] multiqc                                            [DEBUG  ]  File ignored by longranger/invocation because it exceeded search pattern filesize limit: chr19_hs_metrics.txt
[2021-02-11 07:17:14,642] multiqc                                            [DEBUG  ]  File ignored by hicexplorer because it exceeded search pattern filesize limit: chr19_gc_freq.txt
[2021-02-11 07:17:14,643] multiqc                                            [DEBUG  ]  File ignored by longranger/invocation because it exceeded search pattern filesize limit: chr19_gc_freq.txt
[2021-02-11 07:17:14,954] multiqc.plots.bargraph                             [DEBUG  ]  Using matplotlib version 3.3.4
[2021-02-11 07:17:14,962] multiqc.plots.linegraph                            [DEBUG  ]  Using matplotlib version 3.3.4
[2021-02-11 07:17:14,974] multiqc                                            [DEBUG  ]  No samples found: custom_content
[2021-02-11 07:17:14,984] multiqc                                            [DEBUG  ]  No samples found: conpair
[2021-02-11 07:17:14,995] multiqc                                            [DEBUG  ]  No samples found: peddy
[2021-02-11 07:17:15,010] multiqc                                            [DEBUG  ]  No samples found: somalier
[2021-02-11 07:17:15,025] multiqc                                            [DEBUG  ]  No samples found: methylQA
[2021-02-11 07:17:15,047] multiqc                                            [DEBUG  ]  No samples found: mosdepth
[2021-02-11 07:17:15,053] multiqc                                            [DEBUG  ]  No samples found: phantompeakqualtools
[2021-02-11 07:17:15,068] multiqc                                            [DEBUG  ]  No samples found: qualimap
[2021-02-11 07:17:15,078] multiqc                                            [DEBUG  ]  No samples found: preseq
[2021-02-11 07:17:15,085] multiqc                                            [DEBUG  ]  No samples found: quast
[2021-02-11 07:17:15,094] multiqc                                            [DEBUG  ]  No samples found: qorts
[2021-02-11 07:17:15,101] multiqc                                            [DEBUG  ]  No samples found: rna_seqc
[2021-02-11 07:17:15,110] multiqc                                            [DEBUG  ]  No samples found: rockhopper
[2021-02-11 07:17:15,124] multiqc                                            [DEBUG  ]  No samples found: rsem
[2021-02-11 07:17:15,182] multiqc                                            [DEBUG  ]  No samples found: rseqc
[2021-02-11 07:17:15,193] multiqc                                            [DEBUG  ]  No samples found: busco
[2021-02-11 07:17:15,197] multiqc                                            [DEBUG  ]  No samples found: goleft_indexcov
[2021-02-11 07:17:15,211] multiqc                                            [DEBUG  ]  No samples found: disambiguate
[2021-02-11 07:17:15,220] multiqc                                            [DEBUG  ]  No samples found: supernova
[2021-02-11 07:17:15,407] multiqc.modules.deeptools.deeptools                [DEBUG  ]  Found 0 and 1 deepTools plotCoverage standard output and --outRawCounts samples, respectively
[2021-02-11 07:17:15,407] multiqc.modules.deeptools.deeptools                [INFO   ]  Found 1 total deepTools samples
[2021-02-11 07:17:15,423] multiqc                                            [DEBUG  ]  No samples found: sargasso
[2021-02-11 07:17:15,433] multiqc                                            [DEBUG  ]  No samples found: verifybamid
[2021-02-11 07:17:15,442] multiqc                                            [DEBUG  ]  No samples found: mirtrace
[2021-02-11 07:17:15,447] multiqc                                            [DEBUG  ]  No samples found: happy
[2021-02-11 07:17:15,453] multiqc                                            [DEBUG  ]  No samples found: mirtop
[2021-02-11 07:17:15,475] multiqc                                            [DEBUG  ]  No samples found: homer
[2021-02-11 07:17:15,486] multiqc                                            [DEBUG  ]  No samples found: macs2
[2021-02-11 07:17:15,489] multiqc                                            [DEBUG  ]  No samples found: theta2
[2021-02-11 07:17:15,496] multiqc                                            [DEBUG  ]  No samples found: snpeff
[2021-02-11 07:17:15,524] multiqc                                            [DEBUG  ]  No samples found: gatk
[2021-02-11 07:17:15,527] multiqc                                            [DEBUG  ]  No samples found: htseq
[2021-02-11 07:17:15,539] multiqc                                            [DEBUG  ]  No samples found: bcftools
[2021-02-11 07:17:15,542] multiqc                                            [DEBUG  ]  No samples found: featureCounts
[2021-02-11 07:17:15,548] multiqc                                            [DEBUG  ]  No samples found: fgbio
[2021-02-11 07:17:15,607] multiqc                                            [DEBUG  ]  No samples found: dragen
[2021-02-11 07:17:15,617] multiqc                                            [DEBUG  ]  No samples found: dedup
[2021-02-11 07:17:15,626] multiqc                                            [DEBUG  ]  No samples found: damageprofiler
[2021-02-11 07:17:15,708] multiqc                                            [DEBUG  ]  No samples found: biobambam2
[2021-02-11 07:17:15,714] multiqc                                            [DEBUG  ]  No samples found: mtnucratio
[2021-02-11 07:17:15,724] multiqc.modules.picard.picard                      [INFO   ]  Found 1 HsMetrics reports
[2021-02-11 07:17:15,728] multiqc.modules.picard.picard                      [INFO   ]  Found 1 MarkDuplicates reports
[2021-02-11 07:17:15,742] multiqc                                            [DEBUG  ]  No samples found: prokka
[2021-02-11 07:17:15,745] multiqc                                            [DEBUG  ]  No samples found: samblaster
[2021-02-11 07:17:15,786] multiqc.modules.samtools.samtools                  [INFO   ]  Found 1 stats reports
[2021-02-11 07:17:15,792] multiqc                                            [DEBUG  ]  No samples found: sexdeterrmine
[2021-02-11 07:17:15,817] multiqc                                            [DEBUG  ]  No samples found: bamtools
[2021-02-11 07:17:15,820] multiqc                                            [DEBUG  ]  No samples found: jellyfish
[2021-02-11 07:17:15,843] multiqc                                            [DEBUG  ]  No samples found: vcftools
[2021-02-11 07:17:15,857] multiqc                                            [DEBUG  ]  No samples found: longranger
[2021-02-11 07:17:15,860] multiqc                                            [DEBUG  ]  No samples found: stacks
[2021-02-11 07:17:15,863] multiqc                                            [DEBUG  ]  No samples found: varscan2
[2021-02-11 07:17:15,878] multiqc                                            [DEBUG  ]  No samples found: bbmap
[2021-02-11 07:17:15,886] multiqc                                            [DEBUG  ]  No samples found: bismark
[2021-02-11 07:17:15,889] multiqc                                            [DEBUG  ]  No samples found: biscuit
[2021-02-11 07:17:15,905] multiqc                                            [DEBUG  ]  No samples found: hicexplorer
[2021-02-11 07:17:15,912] multiqc                                            [DEBUG  ]  No samples found: hicup
[2021-02-11 07:17:15,915] multiqc                                            [DEBUG  ]  No samples found: hicpro
[2021-02-11 07:17:15,925] multiqc                                            [DEBUG  ]  No samples found: salmon
[2021-02-11 07:17:15,941] multiqc                                            [DEBUG  ]  No samples found: kallisto
[2021-02-11 07:17:15,950] multiqc                                            [DEBUG  ]  No samples found: slamdunk
[2021-02-11 07:17:15,962] multiqc                                            [DEBUG  ]  No samples found: star
[2021-02-11 07:17:15,971] multiqc                                            [DEBUG  ]  No samples found: hisat2
[2021-02-11 07:17:15,976] multiqc                                            [DEBUG  ]  No samples found: tophat
[2021-02-11 07:17:15,989] multiqc                                            [DEBUG  ]  No samples found: bowtie2
[2021-02-11 07:17:15,992] multiqc                                            [DEBUG  ]  No samples found: bowtie1
[2021-02-11 07:17:16,000] multiqc                                            [DEBUG  ]  No samples found: snpsplit
[2021-02-11 07:17:16,006] multiqc                                            [DEBUG  ]  No samples found: kat
[2021-02-11 07:17:16,009] multiqc                                            [DEBUG  ]  No samples found: leehom
[2021-02-11 07:17:16,023] multiqc                                            [DEBUG  ]  No samples found: adapterRemoval
[2021-02-11 07:17:16,032] multiqc                                            [DEBUG  ]  No samples found: clipandmerge
[2021-02-11 07:17:16,045] multiqc                                            [DEBUG  ]  No samples found: cutadapt
[2021-02-11 07:17:16,048] multiqc                                            [DEBUG  ]  No samples found: flexbar
[2021-02-11 07:17:16,061] multiqc                                            [DEBUG  ]  No samples found: kaiju
[2021-02-11 07:17:16,076] multiqc                                            [DEBUG  ]  No samples found: kraken
[2021-02-11 07:17:16,086] multiqc                                            [DEBUG  ]  No samples found: malt
[2021-02-11 07:17:16,089] multiqc                                            [DEBUG  ]  No samples found: trimmomatic
[2021-02-11 07:17:16,102] multiqc                                            [DEBUG  ]  No samples found: sickle
[2021-02-11 07:17:16,105] multiqc                                            [DEBUG  ]  No samples found: skewer
[2021-02-11 07:17:16,113] multiqc                                            [DEBUG  ]  No samples found: sortmerna
[2021-02-11 07:17:16,115] multiqc                                            [DEBUG  ]  No samples found: biobloomtools
[2021-02-11 07:17:16,125] multiqc                                            [DEBUG  ]  No samples found: fastq_screen
[2021-02-11 07:17:16,137] multiqc                                            [DEBUG  ]  No samples found: afterqc
[2021-02-11 07:17:16,146] multiqc                                            [DEBUG  ]  No samples found: fastp
[2021-02-11 07:17:16,156] multiqc                                            [DEBUG  ]  No samples found: fastqc
[2021-02-11 07:17:16,159] multiqc                                            [DEBUG  ]  No samples found: pycoqc
[2021-02-11 07:17:16,165] multiqc                                            [DEBUG  ]  No samples found: minionqc
[2021-02-11 07:17:16,180] multiqc                                            [DEBUG  ]  No samples found: multivcfanalyzer
[2021-02-11 07:17:16,188] multiqc                                            [DEBUG  ]  No samples found: clusterflow
[2021-02-11 07:17:16,194] multiqc                                            [DEBUG  ]  No samples found: bcl2fastq
[2021-02-11 07:17:16,224] multiqc                                            [DEBUG  ]  No samples found: interop
[2021-02-11 07:17:16,228] multiqc                                            [DEBUG  ]  No samples found: ivar
[2021-02-11 07:17:16,237] multiqc                                            [DEBUG  ]  No samples found: flash
[2021-02-11 07:17:16,241] multiqc                                            [DEBUG  ]  No samples found: seqyclean
[2021-02-11 07:17:16,244] multiqc                                            [INFO   ]  Compressing plot data
[2021-02-11 07:17:16,265] multiqc                                            [INFO   ]  Report      : qc/chr19_multiqc.html
[2021-02-11 07:17:16,265] multiqc                                            [INFO   ]  Data        : qc/chr19_multiqc_data
[2021-02-11 07:17:16,265] multiqc                                            [DEBUG  ]  Moving data file from '/var/folders/9y/gjh2qdnj295_k_z8xt45tb2h0000gn/T/tmpy1so4vua/multiqc_data' to '/Users/samuelperini/Documents/sophia_gen/pipeline_development_task/Bioinformatics_pipeline_development_task/qc/chr19_multiqc_data'
[2021-02-11 07:17:16,502] multiqc                                            [INFO   ]  MultiQC complete
